e:\partime\seedseg\seedseg\x64\release\vc142.pdb
e:\partime\seedseg\seedseg\x64\release\main.obj
e:\partime\seedseg\seedseg\x64\release\seedseg.obj
e:\partime\seedseg\seedseg\x64\release\althorighm.obj
e:\partime\seedseg\seedseg\x64\release\qrc_seedseg.obj
e:\partime\seedseg\seedseg\x64\release\moc_seedseg.obj
e:\partime\seedseg\x64\release\seedseg.exe
e:\partime\seedseg\x64\release\seedseg.ilk
e:\partime\seedseg\x64\release\seedseg.pdb
e:\partime\seedseg\seedseg\x64\release\moc\moc_seedseg.cpp
e:\partime\seedseg\seedseg\x64\release\rcc\qrc_seedseg.cpp
e:\partime\seedseg\seedseg\x64\release\uic\ui_seedseg.h
e:\partime\seedseg\seedseg\x64\release\seedseg.tlog\cl.command.1.tlog
e:\partime\seedseg\seedseg\x64\release\seedseg.tlog\cl.read.1.tlog
e:\partime\seedseg\seedseg\x64\release\seedseg.tlog\cl.write.1.tlog
e:\partime\seedseg\seedseg\x64\release\seedseg.tlog\link.command.1.tlog
e:\partime\seedseg\seedseg\x64\release\seedseg.tlog\link.read.1.tlog
e:\partime\seedseg\seedseg\x64\release\seedseg.tlog\link.write.1.tlog
e:\partime\seedseg\seedseg\x64\release\seedseg.tlog\moc.read.1u.tlog
e:\partime\seedseg\seedseg\x64\release\seedseg.tlog\moc.write.1u.tlog
e:\partime\seedseg\seedseg\x64\release\seedseg.tlog\rcc.read.1u.tlog
e:\partime\seedseg\seedseg\x64\release\seedseg.tlog\rcc.write.1u.tlog
e:\partime\seedseg\seedseg\x64\release\seedseg.tlog\seedseg.write.1u.tlog
e:\partime\seedseg\seedseg\x64\release\seedseg.tlog\uic.read.1u.tlog
e:\partime\seedseg\seedseg\x64\release\seedseg.tlog\uic.write.1u.tlog
