e:\partime\seedseg\seedseg\x64\debug\vc142.pdb
e:\partime\seedseg\seedseg\x64\debug\qrc_seedseg.obj
e:\partime\seedseg\seedseg\x64\debug\main.obj
e:\partime\seedseg\seedseg\x64\debug\althorighm.obj
e:\partime\seedseg\seedseg\x64\debug\seedseg.obj
e:\partime\seedseg\seedseg\x64\debug\moc_seedseg.obj
e:\partime\seedseg\seedseg\x64\debug\moc\moc_seedseg.cpp
e:\partime\seedseg\seedseg\x64\debug\rcc\qrc_seedseg.cpp
e:\partime\seedseg\seedseg\x64\debug\uic\ui_seedseg.h
e:\partime\seedseg\seedseg\x64\debug\mylabel.obj
e:\partime\seedseg\x64\debug\seedseg.pdb
e:\partime\seedseg\seedseg\x64\debug\seedseg.tlog\cl.command.1.tlog
e:\partime\seedseg\seedseg\x64\debug\seedseg.tlog\cl.read.1.tlog
e:\partime\seedseg\seedseg\x64\debug\seedseg.tlog\cl.write.1.tlog
e:\partime\seedseg\seedseg\x64\debug\seedseg.tlog\link-cvtres.read.1.tlog
e:\partime\seedseg\seedseg\x64\debug\seedseg.tlog\link-cvtres.write.1.tlog
e:\partime\seedseg\seedseg\x64\debug\seedseg.tlog\link-rc.read.1.tlog
e:\partime\seedseg\seedseg\x64\debug\seedseg.tlog\link-rc.write.1.tlog
e:\partime\seedseg\seedseg\x64\debug\seedseg.tlog\link.1748-cvtres.read.1.tlog
e:\partime\seedseg\seedseg\x64\debug\seedseg.tlog\link.1748-cvtres.write.1.tlog
e:\partime\seedseg\seedseg\x64\debug\seedseg.tlog\link.1748-rc.read.1.tlog
e:\partime\seedseg\seedseg\x64\debug\seedseg.tlog\link.1748-rc.write.1.tlog
e:\partime\seedseg\seedseg\x64\debug\seedseg.tlog\link.1748.read.1.tlog
e:\partime\seedseg\seedseg\x64\debug\seedseg.tlog\link.1748.write.1.tlog
e:\partime\seedseg\seedseg\x64\debug\seedseg.tlog\link.command.1.tlog
e:\partime\seedseg\seedseg\x64\debug\seedseg.tlog\link.read.1.tlog
e:\partime\seedseg\seedseg\x64\debug\seedseg.tlog\link.write.1.tlog
e:\partime\seedseg\seedseg\x64\debug\seedseg.tlog\moc.read.1u.tlog
e:\partime\seedseg\seedseg\x64\debug\seedseg.tlog\moc.write.1u.tlog
e:\partime\seedseg\seedseg\x64\debug\seedseg.tlog\rcc.read.1u.tlog
e:\partime\seedseg\seedseg\x64\debug\seedseg.tlog\rcc.write.1u.tlog
e:\partime\seedseg\seedseg\x64\debug\seedseg.tlog\seedseg.write.1u.tlog
e:\partime\seedseg\seedseg\x64\debug\seedseg.tlog\uic.read.1u.tlog
e:\partime\seedseg\seedseg\x64\debug\seedseg.tlog\uic.write.1u.tlog
